[2022-03-07T04:28:12.909Z] Validating found git in: git
[2022-03-07T04:28:12.992Z] Using git 2.25.1 from git
[2022-03-07T04:28:13.152Z] > git rev-parse --git-dir [86ms]
[2022-03-07T04:28:13.174Z] Open repository: /home/smileeveryday/Tugas-Oxigent
[2022-03-07T04:28:13.295Z] > git symbolic-ref --short HEAD [6ms]
[2022-03-07T04:28:13.320Z] > git for-each-ref --format=%(refname)%00%(upstream:short)%00%(objectname)%00%(upstream:track) refs/heads/main refs/remotes/main [10ms]
[2022-03-07T04:28:13.395Z] > git remote --verbose [10ms]
[2022-03-07T04:28:13.396Z] > git for-each-ref --sort -committerdate --format %(refname) %(objectname) %(*objectname) [39ms]
[2022-03-07T04:28:13.502Z] > git config --get commit.template [2ms]
[2022-03-07T04:28:14.050Z] > git ls-files --stage -- /home/smileeveryday/Tugas-Oxigent/Tugas_6/main.js [3ms]
[2022-03-07T04:30:54.309Z] > git symbolic-ref --short HEAD [3ms]
[2022-03-07T04:30:54.317Z] > git for-each-ref --format=%(refname)%00%(upstream:short)%00%(objectname)%00%(upstream:track) refs/heads/main refs/remotes/main [2ms]
[2022-03-07T04:30:54.333Z] > git remote --verbose [1ms]
[2022-03-07T04:30:54.334Z] > git for-each-ref --sort -committerdate --format %(refname) %(objectname) %(*objectname) [9ms]
[2022-03-07T04:30:54.367Z] > git config --get commit.template [2ms]
[2022-03-07T04:31:03.209Z] > git symbolic-ref --short HEAD [1ms]
[2022-03-07T04:31:03.218Z] > git for-each-ref --format=%(refname)%00%(upstream:short)%00%(objectname)%00%(upstream:track) refs/heads/main refs/remotes/main [2ms]
[2022-03-07T04:31:03.231Z] > git for-each-ref --sort -committerdate --format %(refname) %(objectname) %(*objectname) [7ms]
[2022-03-07T04:31:03.232Z] > git remote --verbose [2ms]
[2022-03-07T04:31:03.265Z] > git config --get commit.template [6ms]
[2022-03-07T04:31:06.599Z] > git ls-files --stage -- /home/smileeveryday/Tugas-Oxigent/Tugas_6/index.html [20ms]
[2022-03-07T04:31:15.045Z] > git ls-files --stage -- /home/smileeveryday/Tugas-Oxigent/Tugas_6/main.js [4ms]
[2022-03-07T04:32:00.788Z] > git symbolic-ref --short HEAD [2ms]
[2022-03-07T04:32:00.797Z] > git for-each-ref --format=%(refname)%00%(upstream:short)%00%(objectname)%00%(upstream:track) refs/heads/main refs/remotes/main [3ms]
[2022-03-07T04:32:00.810Z] > git remote --verbose [2ms]
[2022-03-07T04:32:00.810Z] > git for-each-ref --sort -committerdate --format %(refname) %(objectname) %(*objectname) [8ms]
[2022-03-07T04:32:00.836Z] > git config --get commit.template [1ms]
[2022-03-07T04:32:40.298Z] > git symbolic-ref --short HEAD [3ms]
[2022-03-07T04:32:40.306Z] > git for-each-ref --format=%(refname)%00%(upstream:short)%00%(objectname)%00%(upstream:track) refs/heads/main refs/remotes/main [1ms]
[2022-03-07T04:32:40.320Z] > git for-each-ref --sort -committerdate --format %(refname) %(objectname) %(*objectname) [7ms]
[2022-03-07T04:32:40.322Z] > git remote --verbose [3ms]
[2022-03-07T04:32:40.350Z] > git config --get commit.template [1ms]
