[2022-03-06T03:20:29.977Z] Validating found git in: git
[2022-03-06T03:20:30.048Z] Using git 2.25.1 from git
[2022-03-06T03:20:30.114Z] > git rev-parse --git-dir [11ms]
[2022-03-06T03:20:30.124Z] Open repository: /home/smileeveryday/Tugas-Oxigent
[2022-03-06T03:20:30.156Z] > git symbolic-ref --short HEAD [3ms]
[2022-03-06T03:20:30.169Z] > git for-each-ref --format=%(refname)%00%(upstream:short)%00%(objectname)%00%(upstream:track) refs/heads/main refs/remotes/main [3ms]
[2022-03-06T03:20:30.198Z] > git remote --verbose [8ms]
[2022-03-06T03:20:30.199Z] > git for-each-ref --sort -committerdate --format %(refname) %(objectname) %(*objectname) [20ms]
[2022-03-06T03:20:30.290Z] > git config --get commit.template [68ms]
[2022-03-06T03:20:44.560Z] > git ls-files --stage -- /home/smileeveryday/Tugas-Oxigent/Tugas_6/index.html [8ms]
[2022-03-06T03:20:44.681Z] > git symbolic-ref --short HEAD [18ms]
[2022-03-06T03:20:44.701Z] > git for-each-ref --format=%(refname)%00%(upstream:short)%00%(objectname)%00%(upstream:track) refs/heads/main refs/remotes/main [3ms]
[2022-03-06T03:20:44.745Z] > git for-each-ref --sort -committerdate --format %(refname) %(objectname) %(*objectname) [27ms]
[2022-03-06T03:20:44.748Z] > git remote --verbose [9ms]
[2022-03-06T03:20:44.788Z] > git config --get commit.template [6ms]
[2022-03-06T03:20:50.414Z] > git ls-files --stage -- /home/smileeveryday/Tugas-Oxigent/Tugas_6/main.js [4ms]
[2022-03-06T03:20:51.416Z] > git symbolic-ref --short HEAD [17ms]
[2022-03-06T03:20:51.464Z] > git for-each-ref --format=%(refname)%00%(upstream:short)%00%(objectname)%00%(upstream:track) refs/heads/main refs/remotes/main [8ms]
[2022-03-06T03:20:51.530Z] > git for-each-ref --sort -committerdate --format %(refname) %(objectname) %(*objectname) [32ms]
[2022-03-06T03:20:51.536Z] > git remote --verbose [15ms]
[2022-03-06T03:20:51.582Z] > git config --get commit.template [9ms]
[2022-03-06T03:20:53.692Z] > git ls-files --stage -- /home/smileeveryday/Tugas-Oxigent/Tugas_6/index.html [9ms]
[2022-03-06T03:21:21.107Z] > git symbolic-ref --short HEAD [4ms]
[2022-03-06T03:21:21.118Z] > git for-each-ref --format=%(refname)%00%(upstream:short)%00%(objectname)%00%(upstream:track) refs/heads/main refs/remotes/main [2ms]
[2022-03-06T03:21:21.135Z] > git for-each-ref --sort -committerdate --format %(refname) %(objectname) %(*objectname) [10ms]
[2022-03-06T03:21:21.136Z] > git remote --verbose [3ms]
[2022-03-06T03:21:21.201Z] > git config --get commit.template [3ms]
[2022-03-06T03:21:22.173Z] > git ls-files --stage -- /home/smileeveryday/Tugas-Oxigent/Tugas_6/main.js [4ms]
[2022-03-06T03:30:37.622Z] > git symbolic-ref --short HEAD [3ms]
[2022-03-06T03:30:37.637Z] > git for-each-ref --format=%(refname)%00%(upstream:short)%00%(objectname)%00%(upstream:track) refs/heads/main refs/remotes/main [3ms]
[2022-03-06T03:30:37.657Z] > git remote --verbose [5ms]
[2022-03-06T03:30:37.658Z] > git for-each-ref --sort -committerdate --format %(refname) %(objectname) %(*objectname) [13ms]
[2022-03-06T03:30:37.691Z] > git config --get commit.template [2ms]
[2022-03-06T03:30:38.318Z] > git ls-files --stage -- /home/smileeveryday/Tugas-Oxigent/Tugas_6/index.html [3ms]
[2022-03-06T03:30:57.136Z] > git ls-files --stage -- /home/smileeveryday/Tugas-Oxigent/Tugas_6/main.js [4ms]
[2022-03-06T03:31:51.801Z] > git symbolic-ref --short HEAD [2ms]
[2022-03-06T03:31:51.811Z] > git for-each-ref --format=%(refname)%00%(upstream:short)%00%(objectname)%00%(upstream:track) refs/heads/main refs/remotes/main [3ms]
[2022-03-06T03:31:51.828Z] > git for-each-ref --sort -committerdate --format %(refname) %(objectname) %(*objectname) [9ms]
[2022-03-06T03:31:51.829Z] > git remote --verbose [2ms]
[2022-03-06T03:31:51.857Z] > git config --get commit.template [1ms]
[2022-03-06T03:33:05.816Z] > git symbolic-ref --short HEAD [2ms]
[2022-03-06T03:33:05.830Z] > git for-each-ref --format=%(refname)%00%(upstream:short)%00%(objectname)%00%(upstream:track) refs/heads/main refs/remotes/main [3ms]
[2022-03-06T03:33:05.851Z] > git for-each-ref --sort -committerdate --format %(refname) %(objectname) %(*objectname) [12ms]
[2022-03-06T03:33:05.852Z] > git remote --verbose [3ms]
[2022-03-06T03:33:05.883Z] > git config --get commit.template [1ms]
[2022-03-06T03:33:21.299Z] > git symbolic-ref --short HEAD [1ms]
[2022-03-06T03:33:21.314Z] > git for-each-ref --format=%(refname)%00%(upstream:short)%00%(objectname)%00%(upstream:track) refs/heads/main refs/remotes/main [2ms]
[2022-03-06T03:33:21.343Z] > git for-each-ref --sort -committerdate --format %(refname) %(objectname) %(*objectname) [15ms]
[2022-03-06T03:33:21.345Z] > git remote --verbose [3ms]
[2022-03-06T03:33:21.391Z] > git config --get commit.template [3ms]
[2022-03-06T03:33:39.638Z] > git ls-files --stage -- /home/smileeveryday/Tugas-Oxigent/Tugas_6/index.html [2ms]
[2022-03-06T03:41:36.762Z] > git ls-files --stage -- /home/smileeveryday/Tugas-Oxigent/Tugas_6/main.js [2ms]
[2022-03-06T03:43:34.948Z] > git symbolic-ref --short HEAD [3ms]
[2022-03-06T03:43:34.962Z] > git for-each-ref --format=%(refname)%00%(upstream:short)%00%(objectname)%00%(upstream:track) refs/heads/main refs/remotes/main [2ms]
[2022-03-06T03:43:34.988Z] > git for-each-ref --sort -committerdate --format %(refname) %(objectname) %(*objectname) [14ms]
[2022-03-06T03:43:34.989Z] > git remote --verbose [2ms]
[2022-03-06T03:43:35.024Z] > git config --get commit.template [4ms]
[2022-03-06T03:43:42.774Z] > git symbolic-ref --short HEAD [2ms]
[2022-03-06T03:43:42.790Z] > git for-each-ref --format=%(refname)%00%(upstream:short)%00%(objectname)%00%(upstream:track) refs/heads/main refs/remotes/main [2ms]
[2022-03-06T03:43:42.817Z] > git for-each-ref --sort -committerdate --format %(refname) %(objectname) %(*objectname) [12ms]
[2022-03-06T03:43:42.819Z] > git remote --verbose [4ms]
[2022-03-06T03:43:42.863Z] > git config --get commit.template [11ms]
[2022-03-06T03:43:47.892Z] > git symbolic-ref --short HEAD [1ms]
[2022-03-06T03:43:47.906Z] > git for-each-ref --format=%(refname)%00%(upstream:short)%00%(objectname)%00%(upstream:track) refs/heads/main refs/remotes/main [2ms]
[2022-03-06T03:43:47.927Z] > git for-each-ref --sort -committerdate --format %(refname) %(objectname) %(*objectname) [11ms]
[2022-03-06T03:43:47.927Z] > git remote --verbose [2ms]
[2022-03-06T03:43:47.959Z] > git config --get commit.template [2ms]
[2022-03-06T03:43:52.992Z] > git symbolic-ref --short HEAD [3ms]
[2022-03-06T03:43:53.006Z] > git for-each-ref --format=%(refname)%00%(upstream:short)%00%(objectname)%00%(upstream:track) refs/heads/main refs/remotes/main [3ms]
[2022-03-06T03:43:53.028Z] > git remote --verbose [2ms]
[2022-03-06T03:43:53.029Z] > git for-each-ref --sort -committerdate --format %(refname) %(objectname) %(*objectname) [13ms]
[2022-03-06T03:43:53.062Z] > git config --get commit.template [9ms]
[2022-03-06T03:43:58.112Z] > git symbolic-ref --short HEAD [2ms]
[2022-03-06T03:43:58.128Z] > git for-each-ref --format=%(refname)%00%(upstream:short)%00%(objectname)%00%(upstream:track) refs/heads/main refs/remotes/main [2ms]
[2022-03-06T03:43:58.152Z] > git for-each-ref --sort -committerdate --format %(refname) %(objectname) %(*objectname) [13ms]
[2022-03-06T03:43:58.153Z] > git remote --verbose [2ms]
[2022-03-06T03:43:58.192Z] > git config --get commit.template [4ms]
[2022-03-06T03:44:03.226Z] > git symbolic-ref --short HEAD [2ms]
[2022-03-06T03:44:03.242Z] > git for-each-ref --format=%(refname)%00%(upstream:short)%00%(objectname)%00%(upstream:track) refs/heads/main refs/remotes/main [2ms]
[2022-03-06T03:44:03.282Z] > git for-each-ref --sort -committerdate --format %(refname) %(objectname) %(*objectname) [23ms]
[2022-03-06T03:44:03.283Z] > git remote --verbose [4ms]
[2022-03-06T03:44:03.306Z] > git config --get commit.template [2ms]
[2022-03-06T03:44:08.351Z] > git symbolic-ref --short HEAD [1ms]
[2022-03-06T03:44:08.365Z] > git for-each-ref --format=%(refname)%00%(upstream:short)%00%(objectname)%00%(upstream:track) refs/heads/main refs/remotes/main [2ms]
[2022-03-06T03:44:08.395Z] > git for-each-ref --sort -committerdate --format %(refname) %(objectname) %(*objectname) [16ms]
[2022-03-06T03:44:08.396Z] > git remote --verbose [3ms]
[2022-03-06T03:44:08.438Z] > git config --get commit.template [9ms]
[2022-03-06T03:44:13.473Z] > git symbolic-ref --short HEAD [2ms]
[2022-03-06T03:44:13.487Z] > git for-each-ref --format=%(refname)%00%(upstream:short)%00%(objectname)%00%(upstream:track) refs/heads/main refs/remotes/main [2ms]
[2022-03-06T03:44:13.517Z] > git for-each-ref --sort -committerdate --format %(refname) %(objectname) %(*objectname) [14ms]
[2022-03-06T03:44:13.518Z] > git remote --verbose [3ms]
[2022-03-06T03:44:13.547Z] > git config --get commit.template [2ms]
[2022-03-06T03:44:18.586Z] > git symbolic-ref --short HEAD [2ms]
[2022-03-06T03:44:18.601Z] > git for-each-ref --format=%(refname)%00%(upstream:short)%00%(objectname)%00%(upstream:track) refs/heads/main refs/remotes/main [3ms]
[2022-03-06T03:44:18.627Z] > git for-each-ref --sort -committerdate --format %(refname) %(objectname) %(*objectname) [13ms]
[2022-03-06T03:44:18.628Z] > git remote --verbose [2ms]
[2022-03-06T03:44:18.664Z] > git config --get commit.template [4ms]
[2022-03-06T03:44:28.197Z] > git symbolic-ref --short HEAD [2ms]
[2022-03-06T03:44:28.209Z] > git for-each-ref --format=%(refname)%00%(upstream:short)%00%(objectname)%00%(upstream:track) refs/heads/main refs/remotes/main [2ms]
[2022-03-06T03:44:28.233Z] > git for-each-ref --sort -committerdate --format %(refname) %(objectname) %(*objectname) [12ms]
[2022-03-06T03:44:28.234Z] > git remote --verbose [2ms]
[2022-03-06T03:44:28.262Z] > git config --get commit.template [2ms]
[2022-03-06T03:44:37.616Z] > git symbolic-ref --short HEAD [2ms]
[2022-03-06T03:44:37.631Z] > git for-each-ref --format=%(refname)%00%(upstream:short)%00%(objectname)%00%(upstream:track) refs/heads/main refs/remotes/main [2ms]
[2022-03-06T03:44:37.657Z] > git for-each-ref --sort -committerdate --format %(refname) %(objectname) %(*objectname) [13ms]
[2022-03-06T03:44:37.658Z] > git remote --verbose [3ms]
[2022-03-06T03:44:37.682Z] > git config --get commit.template [2ms]
[2022-03-06T03:45:07.127Z] > git ls-files --stage -- /home/smileeveryday/Tugas-Oxigent/Tugas_6/index.html [2ms]
[2022-03-06T03:45:37.745Z] > git symbolic-ref --short HEAD [3ms]
[2022-03-06T03:45:37.760Z] > git for-each-ref --format=%(refname)%00%(upstream:short)%00%(objectname)%00%(upstream:track) refs/heads/main refs/remotes/main [3ms]
[2022-03-06T03:45:37.784Z] > git for-each-ref --sort -committerdate --format %(refname) %(objectname) %(*objectname) [14ms]
[2022-03-06T03:45:37.784Z] > git remote --verbose [2ms]
[2022-03-06T03:45:37.809Z] > git config --get commit.template [2ms]
[2022-03-06T03:46:07.331Z] > git symbolic-ref --short HEAD [3ms]
[2022-03-06T03:46:07.348Z] > git for-each-ref --format=%(refname)%00%(upstream:short)%00%(objectname)%00%(upstream:track) refs/heads/main refs/remotes/main [3ms]
[2022-03-06T03:46:07.375Z] > git for-each-ref --sort -committerdate --format %(refname) %(objectname) %(*objectname) [13ms]
[2022-03-06T03:46:07.376Z] > git remote --verbose [3ms]
[2022-03-06T03:46:07.398Z] > git config --get commit.template [2ms]
[2022-03-06T03:46:33.817Z] > git symbolic-ref --short HEAD [2ms]
[2022-03-06T03:46:33.835Z] > git for-each-ref --format=%(refname)%00%(upstream:short)%00%(objectname)%00%(upstream:track) refs/heads/main refs/remotes/main [2ms]
[2022-03-06T03:46:33.870Z] > git for-each-ref --sort -committerdate --format %(refname) %(objectname) %(*objectname) [19ms]
[2022-03-06T03:46:33.871Z] > git remote --verbose [4ms]
[2022-03-06T03:46:33.900Z] > git config --get commit.template [2ms]
[2022-03-06T03:46:56.412Z] > git symbolic-ref --short HEAD [3ms]
[2022-03-06T03:46:56.427Z] > git for-each-ref --format=%(refname)%00%(upstream:short)%00%(objectname)%00%(upstream:track) refs/heads/main refs/remotes/main [2ms]
[2022-03-06T03:46:56.450Z] > git for-each-ref --sort -committerdate --format %(refname) %(objectname) %(*objectname) [12ms]
[2022-03-06T03:46:56.450Z] > git remote --verbose [2ms]
[2022-03-06T03:46:56.476Z] > git config --get commit.template [2ms]
[2022-03-06T03:47:10.447Z] > git symbolic-ref --short HEAD [1ms]
[2022-03-06T03:47:10.464Z] > git for-each-ref --format=%(refname)%00%(upstream:short)%00%(objectname)%00%(upstream:track) refs/heads/main refs/remotes/main [1ms]
[2022-03-06T03:47:10.493Z] > git for-each-ref --sort -committerdate --format %(refname) %(objectname) %(*objectname) [15ms]
[2022-03-06T03:47:10.494Z] > git remote --verbose [2ms]
[2022-03-06T03:47:10.528Z] > git config --get commit.template [0ms]
[2022-03-06T03:47:12.493Z] > git ls-files --stage -- /home/smileeveryday/Tugas-Oxigent/Tugas_6/main.js [2ms]
[2022-03-06T03:48:16.961Z] > git symbolic-ref --short HEAD [2ms]
[2022-03-06T03:48:16.976Z] > git for-each-ref --format=%(refname)%00%(upstream:short)%00%(objectname)%00%(upstream:track) refs/heads/main refs/remotes/main [3ms]
[2022-03-06T03:48:17.005Z] > git for-each-ref --sort -committerdate --format %(refname) %(objectname) %(*objectname) [15ms]
[2022-03-06T03:48:17.005Z] > git remote --verbose [2ms]
[2022-03-06T03:48:17.043Z] > git config --get commit.template [2ms]
[2022-03-06T03:51:43.028Z] > git symbolic-ref --short HEAD [3ms]
[2022-03-06T03:51:43.048Z] > git for-each-ref --format=%(refname)%00%(upstream:short)%00%(objectname)%00%(upstream:track) refs/heads/main refs/remotes/main [3ms]
[2022-03-06T03:51:43.079Z] > git remote --verbose [3ms]
[2022-03-06T03:51:43.080Z] > git for-each-ref --sort -committerdate --format %(refname) %(objectname) %(*objectname) [19ms]
[2022-03-06T03:51:43.116Z] > git config --get commit.template [6ms]
[2022-03-06T03:57:14.288Z] > git symbolic-ref --short HEAD [3ms]
[2022-03-06T03:57:14.303Z] > git for-each-ref --format=%(refname)%00%(upstream:short)%00%(objectname)%00%(upstream:track) refs/heads/main refs/remotes/main [3ms]
[2022-03-06T03:57:14.331Z] > git for-each-ref --sort -committerdate --format %(refname) %(objectname) %(*objectname) [14ms]
[2022-03-06T03:57:14.332Z] > git remote --verbose [2ms]
[2022-03-06T03:57:14.364Z] > git config --get commit.template [2ms]
[2022-03-06T03:59:45.284Z] > git symbolic-ref --short HEAD [2ms]
[2022-03-06T03:59:45.303Z] > git for-each-ref --format=%(refname)%00%(upstream:short)%00%(objectname)%00%(upstream:track) refs/heads/main refs/remotes/main [2ms]
[2022-03-06T03:59:45.330Z] > git for-each-ref --sort -committerdate --format %(refname) %(objectname) %(*objectname) [13ms]
[2022-03-06T03:59:45.331Z] > git remote --verbose [2ms]
[2022-03-06T03:59:45.361Z] > git config --get commit.template [3ms]
[2022-03-06T03:59:50.408Z] > git symbolic-ref --short HEAD [3ms]
[2022-03-06T03:59:50.423Z] > git for-each-ref --format=%(refname)%00%(upstream:short)%00%(objectname)%00%(upstream:track) refs/heads/main refs/remotes/main [2ms]
[2022-03-06T03:59:50.451Z] > git for-each-ref --sort -committerdate --format %(refname) %(objectname) %(*objectname) [14ms]
[2022-03-06T03:59:50.452Z] > git remote --verbose [3ms]
[2022-03-06T03:59:50.481Z] > git config --get commit.template [3ms]
[2022-03-06T04:00:15.451Z] > git symbolic-ref --short HEAD [2ms]
[2022-03-06T04:00:15.467Z] > git for-each-ref --format=%(refname)%00%(upstream:short)%00%(objectname)%00%(upstream:track) refs/heads/main refs/remotes/main [2ms]
[2022-03-06T04:00:15.495Z] > git for-each-ref --sort -committerdate --format %(refname) %(objectname) %(*objectname) [14ms]
[2022-03-06T04:00:15.495Z] > git remote --verbose [1ms]
[2022-03-06T04:00:15.528Z] > git config --get commit.template [2ms]
[2022-03-06T04:00:21.495Z] > git symbolic-ref --short HEAD [4ms]
[2022-03-06T04:00:21.512Z] > git for-each-ref --format=%(refname)%00%(upstream:short)%00%(objectname)%00%(upstream:track) refs/heads/main refs/remotes/main [2ms]
[2022-03-06T04:00:21.551Z] > git for-each-ref --sort -committerdate --format %(refname) %(objectname) %(*objectname) [20ms]
[2022-03-06T04:00:21.552Z] > git remote --verbose [5ms]
[2022-03-06T04:00:21.586Z] > git config --get commit.template [3ms]
[2022-03-06T04:00:58.589Z] > git symbolic-ref --short HEAD [3ms]
[2022-03-06T04:00:58.608Z] > git for-each-ref --format=%(refname)%00%(upstream:short)%00%(objectname)%00%(upstream:track) refs/heads/main refs/remotes/main [3ms]
[2022-03-06T04:00:58.641Z] > git for-each-ref --sort -committerdate --format %(refname) %(objectname) %(*objectname) [18ms]
[2022-03-06T04:00:58.642Z] > git remote --verbose [3ms]
[2022-03-06T04:00:58.702Z] > git config --get commit.template [8ms]
[2022-03-06T04:01:42.794Z] > git symbolic-ref --short HEAD [3ms]
[2022-03-06T04:01:42.811Z] > git for-each-ref --format=%(refname)%00%(upstream:short)%00%(objectname)%00%(upstream:track) refs/heads/main refs/remotes/main [2ms]
[2022-03-06T04:01:42.840Z] > git for-each-ref --sort -committerdate --format %(refname) %(objectname) %(*objectname) [15ms]
[2022-03-06T04:01:42.842Z] > git remote --verbose [3ms]
[2022-03-06T04:01:42.873Z] > git config --get commit.template [2ms]
[2022-03-06T04:01:43.363Z] > git ls-files --stage -- /home/smileeveryday/Tugas-Oxigent/Tugas_6/index.html [6ms]
[2022-03-06T04:02:52.567Z] > git ls-files --stage -- /home/smileeveryday/Tugas-Oxigent/Tugas_6/main.js [4ms]
[2022-03-06T04:03:39.595Z] > git ls-files --stage -- /home/smileeveryday/Tugas-Oxigent/Tugas_6/index.html [2ms]
[2022-03-06T04:03:43.531Z] > git ls-files --stage -- /home/smileeveryday/Tugas-Oxigent/Tugas_6/main.js [5ms]
[2022-03-06T04:03:53.318Z] > git ls-files --stage -- /home/smileeveryday/Tugas-Oxigent/Tugas_6/index.html [1ms]
[2022-03-06T04:03:55.088Z] > git ls-files --stage -- /home/smileeveryday/Tugas-Oxigent/Tugas_6/main.js [5ms]
[2022-03-06T04:05:52.043Z] > git symbolic-ref --short HEAD [5ms]
[2022-03-06T04:05:52.064Z] > git for-each-ref --format=%(refname)%00%(upstream:short)%00%(objectname)%00%(upstream:track) refs/heads/main refs/remotes/main [2ms]
[2022-03-06T04:05:52.100Z] > git for-each-ref --sort -committerdate --format %(refname) %(objectname) %(*objectname) [19ms]
[2022-03-06T04:05:52.100Z] > git remote --verbose [2ms]
[2022-03-06T04:05:52.195Z] > git config --get commit.template [12ms]
[2022-03-06T04:06:05.551Z] > git ls-files --stage -- /home/smileeveryday/Tugas-Oxigent/Tugas_6/index.html [2ms]
[2022-03-06T04:06:07.639Z] > git symbolic-ref --short HEAD [4ms]
[2022-03-06T04:06:07.655Z] > git for-each-ref --format=%(refname)%00%(upstream:short)%00%(objectname)%00%(upstream:track) refs/heads/main refs/remotes/main [3ms]
[2022-03-06T04:06:07.686Z] > git for-each-ref --sort -committerdate --format %(refname) %(objectname) %(*objectname) [15ms]
[2022-03-06T04:06:07.686Z] > git remote --verbose [2ms]
[2022-03-06T04:06:07.710Z] > git config --get commit.template [1ms]
[2022-03-06T04:06:24.777Z] > git symbolic-ref --short HEAD [2ms]
[2022-03-06T04:06:24.800Z] > git for-each-ref --format=%(refname)%00%(upstream:short)%00%(objectname)%00%(upstream:track) refs/heads/main refs/remotes/main [3ms]
[2022-03-06T04:06:24.829Z] > git for-each-ref --sort -committerdate --format %(refname) %(objectname) %(*objectname) [14ms]
[2022-03-06T04:06:24.830Z] > git remote --verbose [2ms]
[2022-03-06T04:06:24.857Z] > git config --get commit.template [2ms]
[2022-03-06T04:06:26.952Z] > git ls-files --stage -- /home/smileeveryday/Tugas-Oxigent/Tugas_6/main.js [4ms]
[2022-03-06T04:06:38.633Z] > git symbolic-ref --short HEAD [2ms]
[2022-03-06T04:06:38.649Z] > git for-each-ref --format=%(refname)%00%(upstream:short)%00%(objectname)%00%(upstream:track) refs/heads/main refs/remotes/main [2ms]
[2022-03-06T04:06:38.685Z] > git for-each-ref --sort -committerdate --format %(refname) %(objectname) %(*objectname) [19ms]
[2022-03-06T04:06:38.686Z] > git remote --verbose [4ms]
[2022-03-06T04:06:38.731Z] > git config --get commit.template [9ms]
[2022-03-06T04:10:24.035Z] > git symbolic-ref --short HEAD [3ms]
[2022-03-06T04:10:24.065Z] > git for-each-ref --format=%(refname)%00%(upstream:short)%00%(objectname)%00%(upstream:track) refs/heads/main refs/remotes/main [9ms]
[2022-03-06T04:10:24.104Z] > git for-each-ref --sort -committerdate --format %(refname) %(objectname) %(*objectname) [20ms]
[2022-03-06T04:10:24.105Z] > git remote --verbose [3ms]
[2022-03-06T04:10:24.154Z] > git config --get commit.template [9ms]
[2022-03-06T04:11:02.129Z] > git symbolic-ref --short HEAD [4ms]
[2022-03-06T04:11:02.146Z] > git for-each-ref --format=%(refname)%00%(upstream:short)%00%(objectname)%00%(upstream:track) refs/heads/main refs/remotes/main [3ms]
[2022-03-06T04:11:02.179Z] > git for-each-ref --sort -committerdate --format %(refname) %(objectname) %(*objectname) [18ms]
[2022-03-06T04:11:02.180Z] > git remote --verbose [4ms]
[2022-03-06T04:11:02.209Z] > git config --get commit.template [2ms]
[2022-03-06T04:20:58.341Z] > git symbolic-ref --short HEAD [2ms]
[2022-03-06T04:20:58.356Z] > git for-each-ref --format=%(refname)%00%(upstream:short)%00%(objectname)%00%(upstream:track) refs/heads/main refs/remotes/main [2ms]
[2022-03-06T04:20:58.388Z] > git for-each-ref --sort -committerdate --format %(refname) %(objectname) %(*objectname) [16ms]
[2022-03-06T04:20:58.389Z] > git remote --verbose [2ms]
[2022-03-06T04:20:58.423Z] > git config --get commit.template [5ms]
[2022-03-06T04:21:23.145Z] > git symbolic-ref --short HEAD [1ms]
[2022-03-06T04:21:23.160Z] > git for-each-ref --format=%(refname)%00%(upstream:short)%00%(objectname)%00%(upstream:track) refs/heads/main refs/remotes/main [2ms]
[2022-03-06T04:21:23.190Z] > git for-each-ref --sort -committerdate --format %(refname) %(objectname) %(*objectname) [15ms]
[2022-03-06T04:21:23.191Z] > git remote --verbose [3ms]
[2022-03-06T04:21:23.228Z] > git config --get commit.template [1ms]
[2022-03-06T04:23:10.553Z] > git symbolic-ref --short HEAD [3ms]
[2022-03-06T04:23:10.579Z] > git for-each-ref --format=%(refname)%00%(upstream:short)%00%(objectname)%00%(upstream:track) refs/heads/main refs/remotes/main [6ms]
[2022-03-06T04:23:10.617Z] > git remote --verbose [3ms]
[2022-03-06T04:23:10.618Z] > git for-each-ref --sort -committerdate --format %(refname) %(objectname) %(*objectname) [20ms]
[2022-03-06T04:23:10.659Z] > git config --get commit.template [1ms]
[2022-03-06T04:23:31.080Z] > git symbolic-ref --short HEAD [4ms]
[2022-03-06T04:23:31.096Z] > git for-each-ref --format=%(refname)%00%(upstream:short)%00%(objectname)%00%(upstream:track) refs/heads/main refs/remotes/main [2ms]
[2022-03-06T04:23:31.126Z] > git for-each-ref --sort -committerdate --format %(refname) %(objectname) %(*objectname) [16ms]
[2022-03-06T04:23:31.127Z] > git remote --verbose [2ms]
[2022-03-06T04:23:31.156Z] > git config --get commit.template [2ms]
[2022-03-06T04:26:26.297Z] > git symbolic-ref --short HEAD [2ms]
[2022-03-06T04:26:26.311Z] > git for-each-ref --format=%(refname)%00%(upstream:short)%00%(objectname)%00%(upstream:track) refs/heads/main refs/remotes/main [2ms]
[2022-03-06T04:26:26.347Z] > git for-each-ref --sort -committerdate --format %(refname) %(objectname) %(*objectname) [19ms]
[2022-03-06T04:26:26.347Z] > git remote --verbose [2ms]
[2022-03-06T04:26:26.380Z] > git config --get commit.template [2ms]
[2022-03-06T04:26:31.416Z] > git symbolic-ref --short HEAD [1ms]
[2022-03-06T04:26:31.434Z] > git for-each-ref --format=%(refname)%00%(upstream:short)%00%(objectname)%00%(upstream:track) refs/heads/main refs/remotes/main [3ms]
[2022-03-06T04:26:31.468Z] > git remote --verbose [3ms]
[2022-03-06T04:26:31.469Z] > git for-each-ref --sort -committerdate --format %(refname) %(objectname) %(*objectname) [21ms]
[2022-03-06T04:26:31.513Z] > git config --get commit.template [6ms]
[2022-03-06T04:30:28.071Z] > git symbolic-ref --short HEAD [7ms]
[2022-03-06T04:30:28.094Z] > git for-each-ref --format=%(refname)%00%(upstream:short)%00%(objectname)%00%(upstream:track) refs/heads/main refs/remotes/main [3ms]
[2022-03-06T04:30:28.125Z] > git for-each-ref --sort -committerdate --format %(refname) %(objectname) %(*objectname) [16ms]
[2022-03-06T04:30:28.126Z] > git remote --verbose [3ms]
[2022-03-06T04:30:28.158Z] > git config --get commit.template [3ms]
[2022-03-06T04:30:49.905Z] > git symbolic-ref --short HEAD [1ms]
[2022-03-06T04:30:49.925Z] > git for-each-ref --format=%(refname)%00%(upstream:short)%00%(objectname)%00%(upstream:track) refs/heads/main refs/remotes/main [3ms]
[2022-03-06T04:30:49.957Z] > git for-each-ref --sort -committerdate --format %(refname) %(objectname) %(*objectname) [16ms]
[2022-03-06T04:30:49.958Z] > git remote --verbose [3ms]
[2022-03-06T04:30:49.994Z] > git config --get commit.template [9ms]
[2022-03-06T04:50:09.768Z] > git symbolic-ref --short HEAD [4ms]
[2022-03-06T04:50:09.791Z] > git for-each-ref --format=%(refname)%00%(upstream:short)%00%(objectname)%00%(upstream:track) refs/heads/main refs/remotes/main [4ms]
[2022-03-06T04:50:09.828Z] > git for-each-ref --sort -committerdate --format %(refname) %(objectname) %(*objectname) [20ms]
[2022-03-06T04:50:09.831Z] > git remote --verbose [5ms]
[2022-03-06T04:50:09.886Z] > git config --get commit.template [8ms]
[2022-03-06T04:56:15.933Z] > git symbolic-ref --short HEAD [3ms]
[2022-03-06T04:56:15.956Z] > git for-each-ref --format=%(refname)%00%(upstream:short)%00%(objectname)%00%(upstream:track) refs/heads/main refs/remotes/main [2ms]
[2022-03-06T04:56:15.987Z] > git remote --verbose [3ms]
[2022-03-06T04:56:15.988Z] > git for-each-ref --sort -committerdate --format %(refname) %(objectname) %(*objectname) [18ms]
[2022-03-06T04:56:16.022Z] > git config --get commit.template [2ms]
[2022-03-06T04:56:37.666Z] > git symbolic-ref --short HEAD [5ms]
[2022-03-06T04:56:37.688Z] > git for-each-ref --format=%(refname)%00%(upstream:short)%00%(objectname)%00%(upstream:track) refs/heads/main refs/remotes/main [3ms]
[2022-03-06T04:56:37.717Z] > git remote --verbose [5ms]
[2022-03-06T04:56:37.718Z] > git for-each-ref --sort -committerdate --format %(refname) %(objectname) %(*objectname) [19ms]
[2022-03-06T04:56:37.762Z] > git config --get commit.template [9ms]
[2022-03-06T04:59:52.462Z] > git symbolic-ref --short HEAD [2ms]
[2022-03-06T04:59:52.478Z] > git for-each-ref --format=%(refname)%00%(upstream:short)%00%(objectname)%00%(upstream:track) refs/heads/main refs/remotes/main [2ms]
[2022-03-06T04:59:52.505Z] > git for-each-ref --sort -committerdate --format %(refname) %(objectname) %(*objectname) [14ms]
[2022-03-06T04:59:52.506Z] > git remote --verbose [2ms]
[2022-03-06T04:59:52.541Z] > git config --get commit.template [7ms]
[2022-03-06T05:00:42.793Z] > git symbolic-ref --short HEAD [1ms]
[2022-03-06T05:00:42.807Z] > git for-each-ref --format=%(refname)%00%(upstream:short)%00%(objectname)%00%(upstream:track) refs/heads/main refs/remotes/main [3ms]
[2022-03-06T05:00:42.838Z] > git remote --verbose [5ms]
[2022-03-06T05:00:42.838Z] > git for-each-ref --sort -committerdate --format %(refname) %(objectname) %(*objectname) [17ms]
[2022-03-06T05:00:42.872Z] > git config --get commit.template [4ms]
[2022-03-06T05:01:16.028Z] > git symbolic-ref --short HEAD [2ms]
[2022-03-06T05:01:16.042Z] > git for-each-ref --format=%(refname)%00%(upstream:short)%00%(objectname)%00%(upstream:track) refs/heads/main refs/remotes/main [2ms]
[2022-03-06T05:01:16.066Z] > git for-each-ref --sort -committerdate --format %(refname) %(objectname) %(*objectname) [11ms]
[2022-03-06T05:01:16.067Z] > git remote --verbose [3ms]
[2022-03-06T05:01:16.100Z] > git config --get commit.template [7ms]
[2022-03-06T05:01:31.245Z] > git symbolic-ref --short HEAD [2ms]
[2022-03-06T05:01:31.260Z] > git for-each-ref --format=%(refname)%00%(upstream:short)%00%(objectname)%00%(upstream:track) refs/heads/main refs/remotes/main [3ms]
[2022-03-06T05:01:31.283Z] > git for-each-ref --sort -committerdate --format %(refname) %(objectname) %(*objectname) [12ms]
[2022-03-06T05:01:31.283Z] > git remote --verbose [2ms]
[2022-03-06T05:01:31.311Z] > git config --get commit.template [3ms]
[2022-03-06T05:02:16.353Z] > git symbolic-ref --short HEAD [3ms]
[2022-03-06T05:02:16.372Z] > git for-each-ref --format=%(refname)%00%(upstream:short)%00%(objectname)%00%(upstream:track) refs/heads/main refs/remotes/main [3ms]
[2022-03-06T05:02:16.396Z] > git for-each-ref --sort -committerdate --format %(refname) %(objectname) %(*objectname) [12ms]
[2022-03-06T05:02:16.397Z] > git remote --verbose [2ms]
[2022-03-06T05:02:16.424Z] > git config --get commit.template [3ms]
[2022-03-06T05:03:02.832Z] > git symbolic-ref --short HEAD [3ms]
[2022-03-06T05:03:02.851Z] > git for-each-ref --format=%(refname)%00%(upstream:short)%00%(objectname)%00%(upstream:track) refs/heads/main refs/remotes/main [4ms]
[2022-03-06T05:03:02.885Z] > git remote --verbose [2ms]
[2022-03-06T05:03:02.885Z] > git for-each-ref --sort -committerdate --format %(refname) %(objectname) %(*objectname) [17ms]
[2022-03-06T05:03:02.925Z] > git config --get commit.template [7ms]
[2022-03-06T05:03:42.479Z] > git symbolic-ref --short HEAD [3ms]
[2022-03-06T05:03:42.494Z] > git for-each-ref --format=%(refname)%00%(upstream:short)%00%(objectname)%00%(upstream:track) refs/heads/main refs/remotes/main [3ms]
[2022-03-06T05:03:42.521Z] > git for-each-ref --sort -committerdate --format %(refname) %(objectname) %(*objectname) [17ms]
[2022-03-06T05:03:42.521Z] > git remote --verbose [3ms]
[2022-03-06T05:03:42.556Z] > git config --get commit.template [2ms]
[2022-03-06T05:05:24.959Z] > git symbolic-ref --short HEAD [6ms]
[2022-03-06T05:05:24.975Z] > git for-each-ref --format=%(refname)%00%(upstream:short)%00%(objectname)%00%(upstream:track) refs/heads/main refs/remotes/main [2ms]
[2022-03-06T05:05:25.002Z] > git for-each-ref --sort -committerdate --format %(refname) %(objectname) %(*objectname) [15ms]
[2022-03-06T05:05:25.003Z] > git remote --verbose [2ms]
[2022-03-06T05:05:25.029Z] > git config --get commit.template [2ms]
[2022-03-06T05:06:36.414Z] > git symbolic-ref --short HEAD [3ms]
[2022-03-06T05:06:36.428Z] > git for-each-ref --format=%(refname)%00%(upstream:short)%00%(objectname)%00%(upstream:track) refs/heads/main refs/remotes/main [3ms]
[2022-03-06T05:06:36.456Z] > git for-each-ref --sort -committerdate --format %(refname) %(objectname) %(*objectname) [16ms]
[2022-03-06T05:06:36.456Z] > git remote --verbose [2ms]
[2022-03-06T05:06:36.490Z] > git config --get commit.template [9ms]
[2022-03-06T05:14:16.378Z] > git ls-files --stage -- /home/smileeveryday/Tugas-Oxigent/Tugas_6/index.html [15ms]
[2022-03-06T05:14:24.204Z] > git symbolic-ref --short HEAD [5ms]
[2022-03-06T05:14:24.248Z] > git for-each-ref --format=%(refname)%00%(upstream:short)%00%(objectname)%00%(upstream:track) refs/heads/main refs/remotes/main [31ms]
[2022-03-06T05:14:24.276Z] > git remote --verbose [4ms]
[2022-03-06T05:14:24.277Z] > git for-each-ref --sort -committerdate --format %(refname) %(objectname) %(*objectname) [18ms]
[2022-03-06T05:14:24.301Z] > git ls-files --stage -- /home/smileeveryday/Tugas-Oxigent/Tugas_6/main.js [57ms]
[2022-03-06T05:14:24.318Z] > git config --get commit.template [2ms]
[2022-03-06T05:14:29.351Z] > git symbolic-ref --short HEAD [2ms]
[2022-03-06T05:14:29.365Z] > git for-each-ref --format=%(refname)%00%(upstream:short)%00%(objectname)%00%(upstream:track) refs/heads/main refs/remotes/main [4ms]
[2022-03-06T05:14:29.397Z] > git for-each-ref --sort -committerdate --format %(refname) %(objectname) %(*objectname) [18ms]
[2022-03-06T05:14:29.398Z] > git remote --verbose [5ms]
[2022-03-06T05:14:29.428Z] > git config --get commit.template [2ms]
[2022-03-06T05:17:01.698Z] > git symbolic-ref --short HEAD [2ms]
[2022-03-06T05:17:01.715Z] > git for-each-ref --format=%(refname)%00%(upstream:short)%00%(objectname)%00%(upstream:track) refs/heads/main refs/remotes/main [2ms]
[2022-03-06T05:17:01.745Z] > git for-each-ref --sort -committerdate --format %(refname) %(objectname) %(*objectname) [14ms]
[2022-03-06T05:17:01.746Z] > git remote --verbose [3ms]
[2022-03-06T05:17:01.791Z] > git config --get commit.template [5ms]
